09-06 15:30:13 com_github_MitjaNemec_ReplicateLayout.action_replicate_layout 392:Plugin executed on: 'linux'
09-06 15:30:13 com_github_MitjaNemec_ReplicateLayout.action_replicate_layout 393:Plugin executed with python version: '3.8.10 (default, May 26 2023, 14:05:08) \n[GCC 9.4.0]'
09-06 15:30:13 com_github_MitjaNemec_ReplicateLayout.action_replicate_layout 394:KiCad build version: 7.0.7-7.0.7~ubuntu20.04.1
09-06 15:30:13 com_github_MitjaNemec_ReplicateLayout.action_replicate_layout 395:Plugin version: 2.1.3
09-06 15:30:13 com_github_MitjaNemec_ReplicateLayout.action_replicate_layout 396:Frame repr: <wx._core.Frame object at 0x7f32c4f2b550>
09-06 15:30:13 com_github_MitjaNemec_ReplicateLayout.action_replicate_layout 420:Preparing replicator with RV501 as a reference
09-06 15:30:13 com_github_MitjaNemec_ReplicateLayout.replicate_layout 117:getting a list of all footprints on board
09-06 15:30:13 com_github_MitjaNemec_ReplicateLayout.action_replicate_layout 468:source anchor footprint is 'RV501'
Located on: ['manual-analog-ctrl3']
With filenames: ['manual-analog-ctrl.kicad_sch']
With sheet_id:['manual-analog-ctrl3']
09-06 15:30:13 com_github_MitjaNemec_ReplicateLayout.action_replicate_layout 475:Corresponding footprints are 
[('RV901', ['manual-analog-ctrl6']), ('RV501', ['manual-analog-ctrl3']), ('RV801', ['manual-analog-ctrl7']), ('RV401', ['manual-analog-ctrl2']), ('RV701', ['manual-analog-ctrl5']), ('RV601', ['manual-analog-ctrl4']), ('RV201', ['manual-analog-ctrl']), ('RV301', ['manual-analog-ctrl1'])]
09-06 15:30:13 com_github_MitjaNemec_ReplicateLayout.action_replicate_layout 487:Showing dialog
09-06 15:30:13 com_github_MitjaNemec_ReplicateLayout.replicate_layout 424:constructing a list of sheets suitable for replication on level:'manual-analog-ctrl3', file:'manual-analog-ctrl.kicad_sch'
09-06 15:30:13 com_github_MitjaNemec_ReplicateLayout.replicate_layout 461:suitable sheets are:[['manual-analog-ctrl'], ['manual-analog-ctrl1'], ['manual-analog-ctrl2'], ['manual-analog-ctrl4'], ['manual-analog-ctrl5'], ['manual-analog-ctrl6'], ['manual-analog-ctrl7']]
09-06 15:30:13 com_github_MitjaNemec_ReplicateLayout.replicate_layout 1464:Level selected: ['manual-analog-ctrl3']
09-06 15:30:13 com_github_MitjaNemec_ReplicateLayout.replicate_layout 1299:Filtering list of tracks
09-06 15:30:13 com_github_MitjaNemec_ReplicateLayout.action_replicate_layout 493:Toolbar position: wx.Point(1698, 105)
09-06 15:30:13 com_github_MitjaNemec_ReplicateLayout.action_replicate_layout 498:Dialog position: wx.Point(1259, 105)
09-06 15:30:15 com_github_MitjaNemec_ReplicateLayout.replicate_layout 424:constructing a list of sheets suitable for replication on level:'manual-analog-ctrl3', file:'manual-analog-ctrl.kicad_sch'
09-06 15:30:15 com_github_MitjaNemec_ReplicateLayout.replicate_layout 461:suitable sheets are:[['manual-analog-ctrl'], ['manual-analog-ctrl1'], ['manual-analog-ctrl2'], ['manual-analog-ctrl4'], ['manual-analog-ctrl5'], ['manual-analog-ctrl6'], ['manual-analog-ctrl7']]
09-06 15:30:15 com_github_MitjaNemec_ReplicateLayout.action_replicate_layout 240:Replicating layout
09-06 15:30:15 com_github_MitjaNemec_ReplicateLayout.replicate_layout 240:Starting replication of sheets: [['manual-analog-ctrl'], ['manual-analog-ctrl1'], ['manual-analog-ctrl2'], ['manual-analog-ctrl4'], ['manual-analog-ctrl5'], ['manual-analog-ctrl6'], ['manual-analog-ctrl7']]
on level: ['manual-analog-ctrl3']
with tracks=True, zone=True, text=True, text=True, intersecting=False, remove=False, locked footprints=False, group_only=False
09-06 15:30:15 root 332:updating GUI message: 'Preparing for replication'
09-06 15:30:15 root 337:updating GUI with: 0
09-06 15:30:15 com_github_MitjaNemec_ReplicateLayout.replicate_layout 310:Getting the list of source footprints
09-06 15:30:15 root 337:updating GUI with: 0
09-06 15:30:15 com_github_MitjaNemec_ReplicateLayout.replicate_layout 320:Getting the list of all the remaining footprints
09-06 15:30:15 com_github_MitjaNemec_ReplicateLayout.replicate_layout 327:Getting source tracks
09-06 15:30:15 com_github_MitjaNemec_ReplicateLayout.replicate_layout 1299:Filtering list of tracks
09-06 15:30:15 com_github_MitjaNemec_ReplicateLayout.replicate_layout 331:Getting source zones
09-06 15:30:15 com_github_MitjaNemec_ReplicateLayout.replicate_layout 335:Getting source text items
09-06 15:30:15 com_github_MitjaNemec_ReplicateLayout.replicate_layout 339:Getting source drawing items
09-06 15:30:15 root 332:updating GUI message: 'Replicating footprints'
09-06 15:30:15 com_github_MitjaNemec_ReplicateLayout.replicate_layout 806:Replicating footprints
09-06 15:30:15 com_github_MitjaNemec_ReplicateLayout.replicate_layout 813:Replicating footprints on sheet ['manual-analog-ctrl']
09-06 15:30:15 com_github_MitjaNemec_ReplicateLayout.replicate_layout 813:Replicating footprints on sheet ['manual-analog-ctrl1']
09-06 15:30:15 com_github_MitjaNemec_ReplicateLayout.replicate_layout 813:Replicating footprints on sheet ['manual-analog-ctrl2']
09-06 15:30:15 com_github_MitjaNemec_ReplicateLayout.replicate_layout 813:Replicating footprints on sheet ['manual-analog-ctrl4']
09-06 15:30:15 com_github_MitjaNemec_ReplicateLayout.replicate_layout 813:Replicating footprints on sheet ['manual-analog-ctrl5']
09-06 15:30:15 com_github_MitjaNemec_ReplicateLayout.replicate_layout 813:Replicating footprints on sheet ['manual-analog-ctrl6']
09-06 15:30:15 com_github_MitjaNemec_ReplicateLayout.replicate_layout 813:Replicating footprints on sheet ['manual-analog-ctrl7']
09-06 15:30:15 root 332:updating GUI message: 'Replicating tracks'
09-06 15:30:15 com_github_MitjaNemec_ReplicateLayout.replicate_layout 977:Replicating tracks
09-06 15:30:15 com_github_MitjaNemec_ReplicateLayout.replicate_layout 983:Replicating tracks on sheet ['manual-analog-ctrl']
09-06 15:30:15 com_github_MitjaNemec_ReplicateLayout.replicate_layout 766:Net pairs for sheet ['manual-analog-ctrl'] :[('+3.3V', '+3.3V'), ('', ''), ('Net-(C501-Pad1)', 'Net-(C201-Pad1)'), ('GND', 'GND'), ('A9', 'A0')]
09-06 15:30:15 com_github_MitjaNemec_ReplicateLayout.replicate_layout 983:Replicating tracks on sheet ['manual-analog-ctrl1']
09-06 15:30:15 com_github_MitjaNemec_ReplicateLayout.replicate_layout 766:Net pairs for sheet ['manual-analog-ctrl1'] :[('Net-(C501-Pad1)', 'Net-(C301-Pad1)'), ('+3.3V', '+3.3V'), ('A9', 'A1'), ('', ''), ('GND', 'GND')]
09-06 15:30:15 com_github_MitjaNemec_ReplicateLayout.replicate_layout 983:Replicating tracks on sheet ['manual-analog-ctrl2']
09-06 15:30:15 com_github_MitjaNemec_ReplicateLayout.replicate_layout 766:Net pairs for sheet ['manual-analog-ctrl2'] :[('+3.3V', '+3.3V'), ('', ''), ('GND', 'GND'), ('Net-(C501-Pad1)', 'Net-(C401-Pad1)'), ('A9', 'A8')]
09-06 15:30:15 com_github_MitjaNemec_ReplicateLayout.replicate_layout 983:Replicating tracks on sheet ['manual-analog-ctrl4']
09-06 15:30:15 com_github_MitjaNemec_ReplicateLayout.replicate_layout 766:Net pairs for sheet ['manual-analog-ctrl4'] :[('+3.3V', '+3.3V'), ('', ''), ('GND', 'GND'), ('Net-(C501-Pad1)', 'Net-(C601-Pad1)'), ('A9', 'A4')]
09-06 15:30:15 com_github_MitjaNemec_ReplicateLayout.replicate_layout 983:Replicating tracks on sheet ['manual-analog-ctrl5']
09-06 15:30:15 com_github_MitjaNemec_ReplicateLayout.replicate_layout 766:Net pairs for sheet ['manual-analog-ctrl5'] :[('Net-(C501-Pad1)', 'Net-(C701-Pad1)'), ('A9', 'A5'), ('+3.3V', '+3.3V'), ('', ''), ('GND', 'GND')]
09-06 15:30:15 com_github_MitjaNemec_ReplicateLayout.replicate_layout 983:Replicating tracks on sheet ['manual-analog-ctrl6']
09-06 15:30:15 com_github_MitjaNemec_ReplicateLayout.replicate_layout 766:Net pairs for sheet ['manual-analog-ctrl6'] :[('Net-(C501-Pad1)', 'Net-(C901-Pad1)'), ('+3.3V', '+3.3V'), ('', ''), ('GND', 'GND'), ('A9', 'A6')]
09-06 15:30:15 com_github_MitjaNemec_ReplicateLayout.replicate_layout 983:Replicating tracks on sheet ['manual-analog-ctrl7']
09-06 15:30:15 com_github_MitjaNemec_ReplicateLayout.replicate_layout 766:Net pairs for sheet ['manual-analog-ctrl7'] :[('+3.3V', '+3.3V'), ('', ''), ('GND', 'GND'), ('A9', 'A7'), ('Net-(C501-Pad1)', 'Net-(C801-Pad1)')]
09-06 15:30:15 root 332:updating GUI message: 'Replicating zones'
09-06 15:30:15 com_github_MitjaNemec_ReplicateLayout.replicate_layout 1047:Replicating zones
09-06 15:30:15 root 337:updating GUI with: 0
09-06 15:30:15 com_github_MitjaNemec_ReplicateLayout.replicate_layout 1054:Replicating zones on sheet ['manual-analog-ctrl']
09-06 15:30:15 com_github_MitjaNemec_ReplicateLayout.replicate_layout 766:Net pairs for sheet ['manual-analog-ctrl'] :[('+3.3V', '+3.3V'), ('', ''), ('Net-(C501-Pad1)', 'Net-(C201-Pad1)'), ('GND', 'GND'), ('A9', 'A0')]
09-06 15:30:15 com_github_MitjaNemec_ReplicateLayout.replicate_layout 1054:Replicating zones on sheet ['manual-analog-ctrl1']
09-06 15:30:15 com_github_MitjaNemec_ReplicateLayout.replicate_layout 766:Net pairs for sheet ['manual-analog-ctrl1'] :[('Net-(C501-Pad1)', 'Net-(C301-Pad1)'), ('+3.3V', '+3.3V'), ('A9', 'A1'), ('', ''), ('GND', 'GND')]
09-06 15:30:15 com_github_MitjaNemec_ReplicateLayout.replicate_layout 1054:Replicating zones on sheet ['manual-analog-ctrl2']
09-06 15:30:15 com_github_MitjaNemec_ReplicateLayout.replicate_layout 766:Net pairs for sheet ['manual-analog-ctrl2'] :[('+3.3V', '+3.3V'), ('', ''), ('GND', 'GND'), ('Net-(C501-Pad1)', 'Net-(C401-Pad1)'), ('A9', 'A8')]
09-06 15:30:15 com_github_MitjaNemec_ReplicateLayout.replicate_layout 1054:Replicating zones on sheet ['manual-analog-ctrl4']
09-06 15:30:15 com_github_MitjaNemec_ReplicateLayout.replicate_layout 766:Net pairs for sheet ['manual-analog-ctrl4'] :[('+3.3V', '+3.3V'), ('', ''), ('GND', 'GND'), ('Net-(C501-Pad1)', 'Net-(C601-Pad1)'), ('A9', 'A4')]
09-06 15:30:15 com_github_MitjaNemec_ReplicateLayout.replicate_layout 1054:Replicating zones on sheet ['manual-analog-ctrl5']
09-06 15:30:15 com_github_MitjaNemec_ReplicateLayout.replicate_layout 766:Net pairs for sheet ['manual-analog-ctrl5'] :[('Net-(C501-Pad1)', 'Net-(C701-Pad1)'), ('A9', 'A5'), ('+3.3V', '+3.3V'), ('', ''), ('GND', 'GND')]
09-06 15:30:15 com_github_MitjaNemec_ReplicateLayout.replicate_layout 1054:Replicating zones on sheet ['manual-analog-ctrl6']
09-06 15:30:15 com_github_MitjaNemec_ReplicateLayout.replicate_layout 766:Net pairs for sheet ['manual-analog-ctrl6'] :[('Net-(C501-Pad1)', 'Net-(C901-Pad1)'), ('+3.3V', '+3.3V'), ('', ''), ('GND', 'GND'), ('A9', 'A6')]
09-06 15:30:15 com_github_MitjaNemec_ReplicateLayout.replicate_layout 1054:Replicating zones on sheet ['manual-analog-ctrl7']
09-06 15:30:15 com_github_MitjaNemec_ReplicateLayout.replicate_layout 766:Net pairs for sheet ['manual-analog-ctrl7'] :[('+3.3V', '+3.3V'), ('', ''), ('GND', 'GND'), ('A9', 'A7'), ('Net-(C501-Pad1)', 'Net-(C801-Pad1)')]
09-06 15:30:15 root 332:updating GUI message: 'Replicating text'
09-06 15:30:15 com_github_MitjaNemec_ReplicateLayout.replicate_layout 1136:Replicating text
09-06 15:30:15 com_github_MitjaNemec_ReplicateLayout.replicate_layout 1143:Replicating text on sheet ['manual-analog-ctrl']
09-06 15:30:15 com_github_MitjaNemec_ReplicateLayout.replicate_layout 1143:Replicating text on sheet ['manual-analog-ctrl1']
09-06 15:30:15 com_github_MitjaNemec_ReplicateLayout.replicate_layout 1143:Replicating text on sheet ['manual-analog-ctrl2']
09-06 15:30:15 com_github_MitjaNemec_ReplicateLayout.replicate_layout 1143:Replicating text on sheet ['manual-analog-ctrl4']
09-06 15:30:15 com_github_MitjaNemec_ReplicateLayout.replicate_layout 1143:Replicating text on sheet ['manual-analog-ctrl5']
09-06 15:30:15 com_github_MitjaNemec_ReplicateLayout.replicate_layout 1143:Replicating text on sheet ['manual-analog-ctrl6']
09-06 15:30:15 com_github_MitjaNemec_ReplicateLayout.replicate_layout 1143:Replicating text on sheet ['manual-analog-ctrl7']
09-06 15:30:15 root 332:updating GUI message: 'Replicating drawings'
09-06 15:30:15 com_github_MitjaNemec_ReplicateLayout.replicate_layout 1187:Replicating drawings
09-06 15:30:15 com_github_MitjaNemec_ReplicateLayout.replicate_layout 1193:Replicating drawings on sheet ['manual-analog-ctrl']
09-06 15:30:15 com_github_MitjaNemec_ReplicateLayout.replicate_layout 1193:Replicating drawings on sheet ['manual-analog-ctrl1']
09-06 15:30:15 com_github_MitjaNemec_ReplicateLayout.replicate_layout 1193:Replicating drawings on sheet ['manual-analog-ctrl2']
09-06 15:30:15 com_github_MitjaNemec_ReplicateLayout.replicate_layout 1193:Replicating drawings on sheet ['manual-analog-ctrl4']
09-06 15:30:15 com_github_MitjaNemec_ReplicateLayout.replicate_layout 1193:Replicating drawings on sheet ['manual-analog-ctrl5']
09-06 15:30:15 com_github_MitjaNemec_ReplicateLayout.replicate_layout 1193:Replicating drawings on sheet ['manual-analog-ctrl6']
09-06 15:30:15 com_github_MitjaNemec_ReplicateLayout.replicate_layout 1193:Replicating drawings on sheet ['manual-analog-ctrl7']
09-06 15:30:15 com_github_MitjaNemec_ReplicateLayout.action_replicate_layout 256:Replication complete
